The system is: Linux - 3.13.0-24-generic - x86_64
Compiling the C compiler identification source file "CMakeCCompilerId.c" succeeded.
Compiler: /home/mark/wellav/altera/common/tools/arm-linux-gcc-4.7/bin/arm-linux-gnueabihf-gcc 
Build flags: 
Id flags: 

The output was:
0


Compilation of the C compiler identification source "CMakeCCompilerId.c" produced "a.out"

The C compiler identification is GNU, found in "/home/mark/code/monitor_system/rx_board/build/CMakeFiles/2.8.12.2/CompilerIdC/a.out"

Compiling the CXX compiler identification source file "CMakeCXXCompilerId.cpp" succeeded.
Compiler: /usr/bin/c++ 
Build flags: 
Id flags: 

The output was:
0


Compilation of the CXX compiler identification source "CMakeCXXCompilerId.cpp" produced "a.out"

The CXX compiler identification is GNU, found in "/home/mark/code/monitor_system/rx_board/build/CMakeFiles/2.8.12.2/CompilerIdCXX/a.out"

Determining if the C compiler works passed with the following output:
Change Dir: /home/mark/code/monitor_system/rx_board/build/CMakeFiles/CMakeTmp

Run Build Command:/usr/bin/make "cmTryCompileExec1215882608/fast"
/usr/bin/make -f CMakeFiles/cmTryCompileExec1215882608.dir/build.make CMakeFiles/cmTryCompileExec1215882608.dir/build
make[1]: Entering directory `/home/mark/code/monitor_system/rx_board/build/CMakeFiles/CMakeTmp'
/usr/bin/cmake -E cmake_progress_report /home/mark/code/monitor_system/rx_board/build/CMakeFiles/CMakeTmp/CMakeFiles 1
Building C object CMakeFiles/cmTryCompileExec1215882608.dir/testCCompiler.c.o
/home/mark/wellav/altera/common/tools/arm-linux-gcc-4.7/bin/arm-linux-gnueabihf-gcc    -o CMakeFiles/cmTryCompileExec1215882608.dir/testCCompiler.c.o   -c /home/mark/code/monitor_system/rx_board/build/CMakeFiles/CMakeTmp/testCCompiler.c
Linking C executable cmTryCompileExec1215882608
/usr/bin/cmake -E cmake_link_script CMakeFiles/cmTryCompileExec1215882608.dir/link.txt --verbose=1
/home/mark/wellav/altera/common/tools/arm-linux-gcc-4.7/bin/arm-linux-gnueabihf-gcc       CMakeFiles/cmTryCompileExec1215882608.dir/testCCompiler.c.o  -o cmTryCompileExec1215882608 -rdynamic 
make[1]: Leaving directory `/home/mark/code/monitor_system/rx_board/build/CMakeFiles/CMakeTmp'


Detecting C compiler ABI info compiled with the following output:
Change Dir: /home/mark/code/monitor_system/rx_board/build/CMakeFiles/CMakeTmp

Run Build Command:/usr/bin/make "cmTryCompileExec2218620269/fast"
/usr/bin/make -f CMakeFiles/cmTryCompileExec2218620269.dir/build.make CMakeFiles/cmTryCompileExec2218620269.dir/build
make[1]: Entering directory `/home/mark/code/monitor_system/rx_board/build/CMakeFiles/CMakeTmp'
/usr/bin/cmake -E cmake_progress_report /home/mark/code/monitor_system/rx_board/build/CMakeFiles/CMakeTmp/CMakeFiles 1
Building C object CMakeFiles/cmTryCompileExec2218620269.dir/CMakeCCompilerABI.c.o
/home/mark/wellav/altera/common/tools/arm-linux-gcc-4.7/bin/arm-linux-gnueabihf-gcc    -o CMakeFiles/cmTryCompileExec2218620269.dir/CMakeCCompilerABI.c.o   -c /usr/share/cmake-2.8/Modules/CMakeCCompilerABI.c
Linking C executable cmTryCompileExec2218620269
/usr/bin/cmake -E cmake_link_script CMakeFiles/cmTryCompileExec2218620269.dir/link.txt --verbose=1
/home/mark/wellav/altera/common/tools/arm-linux-gcc-4.7/bin/arm-linux-gnueabihf-gcc     -v CMakeFiles/cmTryCompileExec2218620269.dir/CMakeCCompilerABI.c.o  -o cmTryCompileExec2218620269 -rdynamic  
使用内建 specs。
COLLECT_GCC=/home/mark/wellav/altera/common/tools/arm-linux-gcc-4.7/bin/arm-linux-gnueabihf-gcc
COLLECT_LTO_WRAPPER=/home/mark/wellav/altera/common/tools/arm-linux-gcc-4.7/bin/../libexec/gcc/arm-linux-gnueabihf/4.7.3/lto-wrapper
目标：arm-linux-gnueabihf
配置为：/cbuild/slaves/oort14/crosstool-ng/builds/arm-linux-gnueabihf-linux/.build/src/gcc-linaro-4.7-2012.11/configure --build=i686-build_pc-linux-gnu --host=i686-build_pc-linux-gnu --target=arm-linux-gnueabihf --prefix=/cbuild/slaves/oort14/crosstool-ng/builds/arm-linux-gnueabihf-linux/install --with-sysroot=/cbuild/slaves/oort14/crosstool-ng/builds/arm-linux-gnueabihf-linux/install/arm-linux-gnueabihf/libc --enable-languages=c,c++,fortran --enable-multilib --with-arch=armv7-a --with-tune=cortex-a9 --with-fpu=vfpv3-d16 --with-float=hard --with-pkgversion='crosstool-NG linaro-1.13.1-4.7-2012.11-20121123 - Linaro GCC 2012.11' --with-bugurl=https://bugs.launchpad.net/gcc-linaro --enable-__cxa_atexit --enable-libmudflap --enable-libgomp --enable-libssp --with-gmp=/cbuild/slaves/oort14/crosstool-ng/builds/arm-linux-gnueabihf-linux/.build/arm-linux-gnueabihf/build/static --with-mpfr=/cbuild/slaves/oort14/crosstool-ng/builds/arm-linux-gnueabihf-linux/.build/arm-linux-gnueabihf/build/static --with-mpc=/cbuild/slaves/oort14/crosstool-ng/builds/arm-linux-gnueabihf-linux/.build/arm-linux-gnueabihf/build/static --with-ppl=/cbuild/slaves/oort14/crosstool-ng/builds/arm-linux-gnueabihf-linux/.build/arm-linux-gnueabihf/build/static --with-cloog=/cbuild/slaves/oort14/crosstool-ng/builds/arm-linux-gnueabihf-linux/.build/arm-linux-gnueabihf/build/static --with-libelf=/cbuild/slaves/oort14/crosstool-ng/builds/arm-linux-gnueabihf-linux/.build/arm-linux-gnueabihf/build/static --with-host-libstdcxx='-L/cbuild/slaves/oort14/crosstool-ng/builds/arm-linux-gnueabihf-linux/.build/arm-linux-gnueabihf/build/static/lib -lpwl' --enable-threads=posix --disable-libstdcxx-pch --enable-linker-build-id --enable-gold --with-local-prefix=/cbuild/slaves/oort14/crosstool-ng/builds/arm-linux-gnueabihf-linux/install/arm-linux-gnueabihf/libc --enable-c99 --enable-long-long --with-mode=thumb
线程模型：posix
gcc 版本 4.7.3 20121106 (prerelease) (crosstool-NG linaro-1.13.1-4.7-2012.11-20121123 - Linaro GCC 2012.11) 
COMPILER_PATH=/home/mark/wellav/altera/common/tools/arm-linux-gcc-4.7/bin/../libexec/gcc/arm-linux-gnueabihf/4.7.3/:/home/mark/wellav/altera/common/tools/arm-linux-gcc-4.7/bin/../libexec/gcc/:/home/mark/wellav/altera/common/tools/arm-linux-gcc-4.7/bin/../libexec/gcc/arm-linux-gnueabihf/:/home/mark/wellav/altera/common/tools/arm-linux-gcc-4.7/bin/../lib/gcc/arm-linux-gnueabihf/4.7.3/../../../../arm-linux-gnueabihf/bin/
LIBRARY_PATH=/home/mark/wellav/altera/common/tools/arm-linux-gcc-4.7/bin/../lib/gcc/arm-linux-gnueabihf/4.7.3/:/home/mark/wellav/altera/common/tools/arm-linux-gcc-4.7/bin/../lib/gcc/:/home/mark/wellav/altera/common/tools/arm-linux-gcc-4.7/bin/../lib/gcc/arm-linux-gnueabihf/:/home/mark/wellav/altera/common/tools/arm-linux-gcc-4.7/bin/../lib/gcc/arm-linux-gnueabihf/4.7.3/../../../../arm-linux-gnueabihf/lib/:/home/mark/wellav/altera/common/tools/arm-linux-gcc-4.7/bin/../arm-linux-gnueabihf/libc/lib/:/home/mark/wellav/altera/common/tools/arm-linux-gcc-4.7/bin/../arm-linux-gnueabihf/libc/lib/arm-linux-gnueabihf/:/home/mark/wellav/altera/common/tools/arm-linux-gcc-4.7/bin/../arm-linux-gnueabihf/libc/usr/lib/:/home/mark/wellav/altera/common/tools/arm-linux-gcc-4.7/bin/../arm-linux-gnueabihf/libc/usr/lib/arm-linux-gnueabihf/
COLLECT_GCC_OPTIONS='-v' '-o' 'cmTryCompileExec2218620269' '-rdynamic' '-march=armv7-a' '-mtune=cortex-a9' '-mfloat-abi=hard' '-mfpu=vfpv3-d16' '-mthumb' '-mtls-dialect=gnu'
 /home/mark/wellav/altera/common/tools/arm-linux-gcc-4.7/bin/../libexec/gcc/arm-linux-gnueabihf/4.7.3/collect2 --sysroot=/home/mark/wellav/altera/common/tools/arm-linux-gcc-4.7/bin/../arm-linux-gnueabihf/libc --build-id --eh-frame-hdr -export-dynamic -dynamic-linker /lib/ld-linux-armhf.so.3 -X -m armelf_linux_eabi -o cmTryCompileExec2218620269 /home/mark/wellav/altera/common/tools/arm-linux-gcc-4.7/bin/../arm-linux-gnueabihf/libc/usr/lib/arm-linux-gnueabihf/crt1.o /home/mark/wellav/altera/common/tools/arm-linux-gcc-4.7/bin/../arm-linux-gnueabihf/libc/usr/lib/arm-linux-gnueabihf/crti.o /home/mark/wellav/altera/common/tools/arm-linux-gcc-4.7/bin/../lib/gcc/arm-linux-gnueabihf/4.7.3/crtbegin.o -L/home/mark/wellav/altera/common/tools/arm-linux-gcc-4.7/bin/../lib/gcc/arm-linux-gnueabihf/4.7.3 -L/home/mark/wellav/altera/common/tools/arm-linux-gcc-4.7/bin/../lib/gcc -L/home/mark/wellav/altera/common/tools/arm-linux-gcc-4.7/bin/../lib/gcc/arm-linux-gnueabihf -L/home/mark/wellav/altera/common/tools/arm-linux-gcc-4.7/bin/../lib/gcc/arm-linux-gnueabihf/4.7.3/../../../../arm-linux-gnueabihf/lib -L/home/mark/wellav/altera/common/tools/arm-linux-gcc-4.7/bin/../arm-linux-gnueabihf/libc/lib -L/home/mark/wellav/altera/common/tools/arm-linux-gcc-4.7/bin/../arm-linux-gnueabihf/libc/lib/arm-linux-gnueabihf -L/home/mark/wellav/altera/common/tools/arm-linux-gcc-4.7/bin/../arm-linux-gnueabihf/libc/usr/lib -L/home/mark/wellav/altera/common/tools/arm-linux-gcc-4.7/bin/../arm-linux-gnueabihf/libc/usr/lib/arm-linux-gnueabihf CMakeFiles/cmTryCompileExec2218620269.dir/CMakeCCompilerABI.c.o -lgcc --as-needed -lgcc_s --no-as-needed -lc -lgcc --as-needed -lgcc_s --no-as-needed /home/mark/wellav/altera/common/tools/arm-linux-gcc-4.7/bin/../lib/gcc/arm-linux-gnueabihf/4.7.3/crtend.o /home/mark/wellav/altera/common/tools/arm-linux-gcc-4.7/bin/../arm-linux-gnueabihf/libc/usr/lib/arm-linux-gnueabihf/crtn.o
make[1]: Leaving directory `/home/mark/code/monitor_system/rx_board/build/CMakeFiles/CMakeTmp'


Parsed C implicit link information from above output:
  link line regex: [^( *|.*[/\])(ld|([^/\]+-)?ld|collect2)[^/\]*( |$)]
  ignore line: [Change Dir: /home/mark/code/monitor_system/rx_board/build/CMakeFiles/CMakeTmp]
  ignore line: []
  ignore line: [Run Build Command:/usr/bin/make "cmTryCompileExec2218620269/fast"]
  ignore line: [/usr/bin/make -f CMakeFiles/cmTryCompileExec2218620269.dir/build.make CMakeFiles/cmTryCompileExec2218620269.dir/build]
  ignore line: [make[1]: Entering directory `/home/mark/code/monitor_system/rx_board/build/CMakeFiles/CMakeTmp']
  ignore line: [/usr/bin/cmake -E cmake_progress_report /home/mark/code/monitor_system/rx_board/build/CMakeFiles/CMakeTmp/CMakeFiles 1]
  ignore line: [Building C object CMakeFiles/cmTryCompileExec2218620269.dir/CMakeCCompilerABI.c.o]
  ignore line: [/home/mark/wellav/altera/common/tools/arm-linux-gcc-4.7/bin/arm-linux-gnueabihf-gcc    -o CMakeFiles/cmTryCompileExec2218620269.dir/CMakeCCompilerABI.c.o   -c /usr/share/cmake-2.8/Modules/CMakeCCompilerABI.c]
  ignore line: [Linking C executable cmTryCompileExec2218620269]
  ignore line: [/usr/bin/cmake -E cmake_link_script CMakeFiles/cmTryCompileExec2218620269.dir/link.txt --verbose=1]
  ignore line: [/home/mark/wellav/altera/common/tools/arm-linux-gcc-4.7/bin/arm-linux-gnueabihf-gcc     -v CMakeFiles/cmTryCompileExec2218620269.dir/CMakeCCompilerABI.c.o  -o cmTryCompileExec2218620269 -rdynamic  ]
  ignore line: [使用内建 specs。]
  ignore line: [COLLECT_GCC=/home/mark/wellav/altera/common/tools/arm-linux-gcc-4.7/bin/arm-linux-gnueabihf-gcc]
  ignore line: [COLLECT_LTO_WRAPPER=/home/mark/wellav/altera/common/tools/arm-linux-gcc-4.7/bin/../libexec/gcc/arm-linux-gnueabihf/4.7.3/lto-wrapper]
  ignore line: [目标：arm-linux-gnueabihf]
  ignore line: [配置为：/cbuild/slaves/oort14/crosstool-ng/builds/arm-linux-gnueabihf-linux/.build/src/gcc-linaro-4.7-2012.11/configure --build=i686-build_pc-linux-gnu --host=i686-build_pc-linux-gnu --target=arm-linux-gnueabihf --prefix=/cbuild/slaves/oort14/crosstool-ng/builds/arm-linux-gnueabihf-linux/install --with-sysroot=/cbuild/slaves/oort14/crosstool-ng/builds/arm-linux-gnueabihf-linux/install/arm-linux-gnueabihf/libc --enable-languages=c,c++,fortran --enable-multilib --with-arch=armv7-a --with-tune=cortex-a9 --with-fpu=vfpv3-d16 --with-float=hard --with-pkgversion='crosstool-NG linaro-1.13.1-4.7-2012.11-20121123 - Linaro GCC 2012.11' --with-bugurl=https://bugs.launchpad.net/gcc-linaro --enable-__cxa_atexit --enable-libmudflap --enable-libgomp --enable-libssp --with-gmp=/cbuild/slaves/oort14/crosstool-ng/builds/arm-linux-gnueabihf-linux/.build/arm-linux-gnueabihf/build/static --with-mpfr=/cbuild/slaves/oort14/crosstool-ng/builds/arm-linux-gnueabihf-linux/.build/arm-linux-gnueabihf/build/static --with-mpc=/cbuild/slaves/oort14/crosstool-ng/builds/arm-linux-gnueabihf-linux/.build/arm-linux-gnueabihf/build/static --with-ppl=/cbuild/slaves/oort14/crosstool-ng/builds/arm-linux-gnueabihf-linux/.build/arm-linux-gnueabihf/build/static --with-cloog=/cbuild/slaves/oort14/crosstool-ng/builds/arm-linux-gnueabihf-linux/.build/arm-linux-gnueabihf/build/static --with-libelf=/cbuild/slaves/oort14/crosstool-ng/builds/arm-linux-gnueabihf-linux/.build/arm-linux-gnueabihf/build/static --with-host-libstdcxx='-L/cbuild/slaves/oort14/crosstool-ng/builds/arm-linux-gnueabihf-linux/.build/arm-linux-gnueabihf/build/static/lib -lpwl' --enable-threads=posix --disable-libstdcxx-pch --enable-linker-build-id --enable-gold --with-local-prefix=/cbuild/slaves/oort14/crosstool-ng/builds/arm-linux-gnueabihf-linux/install/arm-linux-gnueabihf/libc --enable-c99 --enable-long-long --with-mode=thumb]
  ignore line: [线程模型：posix]
  ignore line: [gcc 版本 4.7.3 20121106 (prerelease) (crosstool-NG linaro-1.13.1-4.7-2012.11-20121123 - Linaro GCC 2012.11) ]
  ignore line: [COMPILER_PATH=/home/mark/wellav/altera/common/tools/arm-linux-gcc-4.7/bin/../libexec/gcc/arm-linux-gnueabihf/4.7.3/:/home/mark/wellav/altera/common/tools/arm-linux-gcc-4.7/bin/../libexec/gcc/:/home/mark/wellav/altera/common/tools/arm-linux-gcc-4.7/bin/../libexec/gcc/arm-linux-gnueabihf/:/home/mark/wellav/altera/common/tools/arm-linux-gcc-4.7/bin/../lib/gcc/arm-linux-gnueabihf/4.7.3/../../../../arm-linux-gnueabihf/bin/]
  ignore line: [LIBRARY_PATH=/home/mark/wellav/altera/common/tools/arm-linux-gcc-4.7/bin/../lib/gcc/arm-linux-gnueabihf/4.7.3/:/home/mark/wellav/altera/common/tools/arm-linux-gcc-4.7/bin/../lib/gcc/:/home/mark/wellav/altera/common/tools/arm-linux-gcc-4.7/bin/../lib/gcc/arm-linux-gnueabihf/:/home/mark/wellav/altera/common/tools/arm-linux-gcc-4.7/bin/../lib/gcc/arm-linux-gnueabihf/4.7.3/../../../../arm-linux-gnueabihf/lib/:/home/mark/wellav/altera/common/tools/arm-linux-gcc-4.7/bin/../arm-linux-gnueabihf/libc/lib/:/home/mark/wellav/altera/common/tools/arm-linux-gcc-4.7/bin/../arm-linux-gnueabihf/libc/lib/arm-linux-gnueabihf/:/home/mark/wellav/altera/common/tools/arm-linux-gcc-4.7/bin/../arm-linux-gnueabihf/libc/usr/lib/:/home/mark/wellav/altera/common/tools/arm-linux-gcc-4.7/bin/../arm-linux-gnueabihf/libc/usr/lib/arm-linux-gnueabihf/]
  ignore line: [COLLECT_GCC_OPTIONS='-v' '-o' 'cmTryCompileExec2218620269' '-rdynamic' '-march=armv7-a' '-mtune=cortex-a9' '-mfloat-abi=hard' '-mfpu=vfpv3-d16' '-mthumb' '-mtls-dialect=gnu']
  link line: [ /home/mark/wellav/altera/common/tools/arm-linux-gcc-4.7/bin/../libexec/gcc/arm-linux-gnueabihf/4.7.3/collect2 --sysroot=/home/mark/wellav/altera/common/tools/arm-linux-gcc-4.7/bin/../arm-linux-gnueabihf/libc --build-id --eh-frame-hdr -export-dynamic -dynamic-linker /lib/ld-linux-armhf.so.3 -X -m armelf_linux_eabi -o cmTryCompileExec2218620269 /home/mark/wellav/altera/common/tools/arm-linux-gcc-4.7/bin/../arm-linux-gnueabihf/libc/usr/lib/arm-linux-gnueabihf/crt1.o /home/mark/wellav/altera/common/tools/arm-linux-gcc-4.7/bin/../arm-linux-gnueabihf/libc/usr/lib/arm-linux-gnueabihf/crti.o /home/mark/wellav/altera/common/tools/arm-linux-gcc-4.7/bin/../lib/gcc/arm-linux-gnueabihf/4.7.3/crtbegin.o -L/home/mark/wellav/altera/common/tools/arm-linux-gcc-4.7/bin/../lib/gcc/arm-linux-gnueabihf/4.7.3 -L/home/mark/wellav/altera/common/tools/arm-linux-gcc-4.7/bin/../lib/gcc -L/home/mark/wellav/altera/common/tools/arm-linux-gcc-4.7/bin/../lib/gcc/arm-linux-gnueabihf -L/home/mark/wellav/altera/common/tools/arm-linux-gcc-4.7/bin/../lib/gcc/arm-linux-gnueabihf/4.7.3/../../../../arm-linux-gnueabihf/lib -L/home/mark/wellav/altera/common/tools/arm-linux-gcc-4.7/bin/../arm-linux-gnueabihf/libc/lib -L/home/mark/wellav/altera/common/tools/arm-linux-gcc-4.7/bin/../arm-linux-gnueabihf/libc/lib/arm-linux-gnueabihf -L/home/mark/wellav/altera/common/tools/arm-linux-gcc-4.7/bin/../arm-linux-gnueabihf/libc/usr/lib -L/home/mark/wellav/altera/common/tools/arm-linux-gcc-4.7/bin/../arm-linux-gnueabihf/libc/usr/lib/arm-linux-gnueabihf CMakeFiles/cmTryCompileExec2218620269.dir/CMakeCCompilerABI.c.o -lgcc --as-needed -lgcc_s --no-as-needed -lc -lgcc --as-needed -lgcc_s --no-as-needed /home/mark/wellav/altera/common/tools/arm-linux-gcc-4.7/bin/../lib/gcc/arm-linux-gnueabihf/4.7.3/crtend.o /home/mark/wellav/altera/common/tools/arm-linux-gcc-4.7/bin/../arm-linux-gnueabihf/libc/usr/lib/arm-linux-gnueabihf/crtn.o]
    arg [/home/mark/wellav/altera/common/tools/arm-linux-gcc-4.7/bin/../libexec/gcc/arm-linux-gnueabihf/4.7.3/collect2] ==> ignore
    arg [--sysroot=/home/mark/wellav/altera/common/tools/arm-linux-gcc-4.7/bin/../arm-linux-gnueabihf/libc] ==> ignore
    arg [--build-id] ==> ignore
    arg [--eh-frame-hdr] ==> ignore
    arg [-export-dynamic] ==> ignore
    arg [-dynamic-linker] ==> ignore
    arg [/lib/ld-linux-armhf.so.3] ==> ignore
    arg [-X] ==> ignore
    arg [-m] ==> ignore
    arg [armelf_linux_eabi] ==> ignore
    arg [-o] ==> ignore
    arg [cmTryCompileExec2218620269] ==> ignore
    arg [/home/mark/wellav/altera/common/tools/arm-linux-gcc-4.7/bin/../arm-linux-gnueabihf/libc/usr/lib/arm-linux-gnueabihf/crt1.o] ==> ignore
    arg [/home/mark/wellav/altera/common/tools/arm-linux-gcc-4.7/bin/../arm-linux-gnueabihf/libc/usr/lib/arm-linux-gnueabihf/crti.o] ==> ignore
    arg [/home/mark/wellav/altera/common/tools/arm-linux-gcc-4.7/bin/../lib/gcc/arm-linux-gnueabihf/4.7.3/crtbegin.o] ==> ignore
    arg [-L/home/mark/wellav/altera/common/tools/arm-linux-gcc-4.7/bin/../lib/gcc/arm-linux-gnueabihf/4.7.3] ==> dir [/home/mark/wellav/altera/common/tools/arm-linux-gcc-4.7/bin/../lib/gcc/arm-linux-gnueabihf/4.7.3]
    arg [-L/home/mark/wellav/altera/common/tools/arm-linux-gcc-4.7/bin/../lib/gcc] ==> dir [/home/mark/wellav/altera/common/tools/arm-linux-gcc-4.7/bin/../lib/gcc]
    arg [-L/home/mark/wellav/altera/common/tools/arm-linux-gcc-4.7/bin/../lib/gcc/arm-linux-gnueabihf] ==> dir [/home/mark/wellav/altera/common/tools/arm-linux-gcc-4.7/bin/../lib/gcc/arm-linux-gnueabihf]
    arg [-L/home/mark/wellav/altera/common/tools/arm-linux-gcc-4.7/bin/../lib/gcc/arm-linux-gnueabihf/4.7.3/../../../../arm-linux-gnueabihf/lib] ==> dir [/home/mark/wellav/altera/common/tools/arm-linux-gcc-4.7/bin/../lib/gcc/arm-linux-gnueabihf/4.7.3/../../../../arm-linux-gnueabihf/lib]
    arg [-L/home/mark/wellav/altera/common/tools/arm-linux-gcc-4.7/bin/../arm-linux-gnueabihf/libc/lib] ==> dir [/home/mark/wellav/altera/common/tools/arm-linux-gcc-4.7/bin/../arm-linux-gnueabihf/libc/lib]
    arg [-L/home/mark/wellav/altera/common/tools/arm-linux-gcc-4.7/bin/../arm-linux-gnueabihf/libc/lib/arm-linux-gnueabihf] ==> dir [/home/mark/wellav/altera/common/tools/arm-linux-gcc-4.7/bin/../arm-linux-gnueabihf/libc/lib/arm-linux-gnueabihf]
    arg [-L/home/mark/wellav/altera/common/tools/arm-linux-gcc-4.7/bin/../arm-linux-gnueabihf/libc/usr/lib] ==> dir [/home/mark/wellav/altera/common/tools/arm-linux-gcc-4.7/bin/../arm-linux-gnueabihf/libc/usr/lib]
    arg [-L/home/mark/wellav/altera/common/tools/arm-linux-gcc-4.7/bin/../arm-linux-gnueabihf/libc/usr/lib/arm-linux-gnueabihf] ==> dir [/home/mark/wellav/altera/common/tools/arm-linux-gcc-4.7/bin/../arm-linux-gnueabihf/libc/usr/lib/arm-linux-gnueabihf]
    arg [CMakeFiles/cmTryCompileExec2218620269.dir/CMakeCCompilerABI.c.o] ==> ignore
    arg [-lgcc] ==> lib [gcc]
    arg [--as-needed] ==> ignore
    arg [-lgcc_s] ==> lib [gcc_s]
    arg [--no-as-needed] ==> ignore
    arg [-lc] ==> lib [c]
    arg [-lgcc] ==> lib [gcc]
    arg [--as-needed] ==> ignore
    arg [-lgcc_s] ==> lib [gcc_s]
    arg [--no-as-needed] ==> ignore
    arg [/home/mark/wellav/altera/common/tools/arm-linux-gcc-4.7/bin/../lib/gcc/arm-linux-gnueabihf/4.7.3/crtend.o] ==> ignore
    arg [/home/mark/wellav/altera/common/tools/arm-linux-gcc-4.7/bin/../arm-linux-gnueabihf/libc/usr/lib/arm-linux-gnueabihf/crtn.o] ==> ignore
  remove lib [gcc]
  remove lib [gcc_s]
  remove lib [gcc]
  remove lib [gcc_s]
  collapse library dir [/home/mark/wellav/altera/common/tools/arm-linux-gcc-4.7/bin/../lib/gcc/arm-linux-gnueabihf/4.7.3] ==> [/home/mark/wellav/altera/common/tools/arm-linux-gcc-4.7/lib/gcc/arm-linux-gnueabihf/4.7.3]
  collapse library dir [/home/mark/wellav/altera/common/tools/arm-linux-gcc-4.7/bin/../lib/gcc] ==> [/home/mark/wellav/altera/common/tools/arm-linux-gcc-4.7/lib/gcc]
  collapse library dir [/home/mark/wellav/altera/common/tools/arm-linux-gcc-4.7/bin/../lib/gcc/arm-linux-gnueabihf] ==> [/home/mark/wellav/altera/common/tools/arm-linux-gcc-4.7/lib/gcc/arm-linux-gnueabihf]
  collapse library dir [/home/mark/wellav/altera/common/tools/arm-linux-gcc-4.7/bin/../lib/gcc/arm-linux-gnueabihf/4.7.3/../../../../arm-linux-gnueabihf/lib] ==> [/home/mark/wellav/altera/common/tools/arm-linux-gcc-4.7/arm-linux-gnueabihf/lib]
  collapse library dir [/home/mark/wellav/altera/common/tools/arm-linux-gcc-4.7/bin/../arm-linux-gnueabihf/libc/lib] ==> [/home/mark/wellav/altera/common/tools/arm-linux-gcc-4.7/arm-linux-gnueabihf/libc/lib]
  collapse library dir [/home/mark/wellav/altera/common/tools/arm-linux-gcc-4.7/bin/../arm-linux-gnueabihf/libc/lib/arm-linux-gnueabihf] ==> [/home/mark/wellav/altera/common/tools/arm-linux-gcc-4.7/arm-linux-gnueabihf/libc/lib/arm-linux-gnueabihf]
  collapse library dir [/home/mark/wellav/altera/common/tools/arm-linux-gcc-4.7/bin/../arm-linux-gnueabihf/libc/usr/lib] ==> [/home/mark/wellav/altera/common/tools/arm-linux-gcc-4.7/arm-linux-gnueabihf/libc/usr/lib]
  collapse library dir [/home/mark/wellav/altera/common/tools/arm-linux-gcc-4.7/bin/../arm-linux-gnueabihf/libc/usr/lib/arm-linux-gnueabihf] ==> [/home/mark/wellav/altera/common/tools/arm-linux-gcc-4.7/arm-linux-gnueabihf/libc/usr/lib/arm-linux-gnueabihf]
  implicit libs: [c]
  implicit dirs: [/home/mark/wellav/altera/common/tools/arm-linux-gcc-4.7/lib/gcc/arm-linux-gnueabihf/4.7.3;/home/mark/wellav/altera/common/tools/arm-linux-gcc-4.7/lib/gcc;/home/mark/wellav/altera/common/tools/arm-linux-gcc-4.7/lib/gcc/arm-linux-gnueabihf;/home/mark/wellav/altera/common/tools/arm-linux-gcc-4.7/arm-linux-gnueabihf/lib;/home/mark/wellav/altera/common/tools/arm-linux-gcc-4.7/arm-linux-gnueabihf/libc/lib;/home/mark/wellav/altera/common/tools/arm-linux-gcc-4.7/arm-linux-gnueabihf/libc/lib/arm-linux-gnueabihf;/home/mark/wellav/altera/common/tools/arm-linux-gcc-4.7/arm-linux-gnueabihf/libc/usr/lib;/home/mark/wellav/altera/common/tools/arm-linux-gcc-4.7/arm-linux-gnueabihf/libc/usr/lib/arm-linux-gnueabihf]
  implicit fwks: []


Determining if the CXX compiler works passed with the following output:
Change Dir: /home/mark/code/monitor_system/rx_board/build/CMakeFiles/CMakeTmp

Run Build Command:/usr/bin/make "cmTryCompileExec2465305459/fast"
/usr/bin/make -f CMakeFiles/cmTryCompileExec2465305459.dir/build.make CMakeFiles/cmTryCompileExec2465305459.dir/build
make[1]: Entering directory `/home/mark/code/monitor_system/rx_board/build/CMakeFiles/CMakeTmp'
/usr/bin/cmake -E cmake_progress_report /home/mark/code/monitor_system/rx_board/build/CMakeFiles/CMakeTmp/CMakeFiles 1
Building CXX object CMakeFiles/cmTryCompileExec2465305459.dir/testCXXCompiler.cxx.o
/usr/bin/c++     -o CMakeFiles/cmTryCompileExec2465305459.dir/testCXXCompiler.cxx.o -c /home/mark/code/monitor_system/rx_board/build/CMakeFiles/CMakeTmp/testCXXCompiler.cxx
Linking CXX executable cmTryCompileExec2465305459
/usr/bin/cmake -E cmake_link_script CMakeFiles/cmTryCompileExec2465305459.dir/link.txt --verbose=1
/usr/bin/c++        CMakeFiles/cmTryCompileExec2465305459.dir/testCXXCompiler.cxx.o  -o cmTryCompileExec2465305459 -rdynamic 
make[1]: Leaving directory `/home/mark/code/monitor_system/rx_board/build/CMakeFiles/CMakeTmp'


Detecting CXX compiler ABI info compiled with the following output:
Change Dir: /home/mark/code/monitor_system/rx_board/build/CMakeFiles/CMakeTmp

Run Build Command:/usr/bin/make "cmTryCompileExec1414940049/fast"
/usr/bin/make -f CMakeFiles/cmTryCompileExec1414940049.dir/build.make CMakeFiles/cmTryCompileExec1414940049.dir/build
make[1]: Entering directory `/home/mark/code/monitor_system/rx_board/build/CMakeFiles/CMakeTmp'
/usr/bin/cmake -E cmake_progress_report /home/mark/code/monitor_system/rx_board/build/CMakeFiles/CMakeTmp/CMakeFiles 1
Building CXX object CMakeFiles/cmTryCompileExec1414940049.dir/CMakeCXXCompilerABI.cpp.o
/usr/bin/c++     -o CMakeFiles/cmTryCompileExec1414940049.dir/CMakeCXXCompilerABI.cpp.o -c /usr/share/cmake-2.8/Modules/CMakeCXXCompilerABI.cpp
Linking CXX executable cmTryCompileExec1414940049
/usr/bin/cmake -E cmake_link_script CMakeFiles/cmTryCompileExec1414940049.dir/link.txt --verbose=1
/usr/bin/c++      -v CMakeFiles/cmTryCompileExec1414940049.dir/CMakeCXXCompilerABI.cpp.o  -o cmTryCompileExec1414940049 -rdynamic  
Using built-in specs.
COLLECT_GCC=/usr/bin/c++
COLLECT_LTO_WRAPPER=/usr/lib/gcc/x86_64-linux-gnu/4.8/lto-wrapper
Target: x86_64-linux-gnu
Configured with: ../src/configure -v --with-pkgversion='Ubuntu 4.8.4-2ubuntu1~14.04.3' --with-bugurl=file:///usr/share/doc/gcc-4.8/README.Bugs --enable-languages=c,c++,java,go,d,fortran,objc,obj-c++ --prefix=/usr --program-suffix=-4.8 --enable-shared --enable-linker-build-id --libexecdir=/usr/lib --without-included-gettext --enable-threads=posix --with-gxx-include-dir=/usr/include/c++/4.8 --libdir=/usr/lib --enable-nls --with-sysroot=/ --enable-clocale=gnu --enable-libstdcxx-debug --enable-libstdcxx-time=yes --enable-gnu-unique-object --disable-libmudflap --enable-plugin --with-system-zlib --disable-browser-plugin --enable-java-awt=gtk --enable-gtk-cairo --with-java-home=/usr/lib/jvm/java-1.5.0-gcj-4.8-amd64/jre --enable-java-home --with-jvm-root-dir=/usr/lib/jvm/java-1.5.0-gcj-4.8-amd64 --with-jvm-jar-dir=/usr/lib/jvm-exports/java-1.5.0-gcj-4.8-amd64 --with-arch-directory=amd64 --with-ecj-jar=/usr/share/java/eclipse-ecj.jar --enable-objc-gc --enable-multiarch --disable-werror --with-arch-32=i686 --with-abi=m64 --with-multilib-list=m32,m64,mx32 --with-tune=generic --enable-checking=release --build=x86_64-linux-gnu --host=x86_64-linux-gnu --target=x86_64-linux-gnu
Thread model: posix
gcc version 4.8.4 (Ubuntu 4.8.4-2ubuntu1~14.04.3) 
COMPILER_PATH=/usr/lib/gcc/x86_64-linux-gnu/4.8/:/usr/lib/gcc/x86_64-linux-gnu/4.8/:/usr/lib/gcc/x86_64-linux-gnu/:/usr/lib/gcc/x86_64-linux-gnu/4.8/:/usr/lib/gcc/x86_64-linux-gnu/
LIBRARY_PATH=/usr/lib/gcc/x86_64-linux-gnu/4.8/:/usr/lib/gcc/x86_64-linux-gnu/4.8/../../../x86_64-linux-gnu/:/usr/lib/gcc/x86_64-linux-gnu/4.8/../../../../lib/:/lib/x86_64-linux-gnu/:/lib/../lib/:/usr/lib/x86_64-linux-gnu/:/usr/lib/../lib/:/usr/lib/gcc/x86_64-linux-gnu/4.8/../../../:/lib/:/usr/lib/
COLLECT_GCC_OPTIONS='-v' '-o' 'cmTryCompileExec1414940049' '-rdynamic' '-shared-libgcc' '-mtune=generic' '-march=x86-64'
 /usr/lib/gcc/x86_64-linux-gnu/4.8/collect2 --sysroot=/ --build-id --eh-frame-hdr -m elf_x86_64 --hash-style=gnu --as-needed -export-dynamic -dynamic-linker /lib64/ld-linux-x86-64.so.2 -z relro -o cmTryCompileExec1414940049 /usr/lib/gcc/x86_64-linux-gnu/4.8/../../../x86_64-linux-gnu/crt1.o /usr/lib/gcc/x86_64-linux-gnu/4.8/../../../x86_64-linux-gnu/crti.o /usr/lib/gcc/x86_64-linux-gnu/4.8/crtbegin.o -L/usr/lib/gcc/x86_64-linux-gnu/4.8 -L/usr/lib/gcc/x86_64-linux-gnu/4.8/../../../x86_64-linux-gnu -L/usr/lib/gcc/x86_64-linux-gnu/4.8/../../../../lib -L/lib/x86_64-linux-gnu -L/lib/../lib -L/usr/lib/x86_64-linux-gnu -L/usr/lib/../lib -L/usr/lib/gcc/x86_64-linux-gnu/4.8/../../.. CMakeFiles/cmTryCompileExec1414940049.dir/CMakeCXXCompilerABI.cpp.o -lstdc++ -lm -lgcc_s -lgcc -lc -lgcc_s -lgcc /usr/lib/gcc/x86_64-linux-gnu/4.8/crtend.o /usr/lib/gcc/x86_64-linux-gnu/4.8/../../../x86_64-linux-gnu/crtn.o
make[1]: Leaving directory `/home/mark/code/monitor_system/rx_board/build/CMakeFiles/CMakeTmp'


Parsed CXX implicit link information from above output:
  link line regex: [^( *|.*[/\])(ld|([^/\]+-)?ld|collect2)[^/\]*( |$)]
  ignore line: [Change Dir: /home/mark/code/monitor_system/rx_board/build/CMakeFiles/CMakeTmp]
  ignore line: []
  ignore line: [Run Build Command:/usr/bin/make "cmTryCompileExec1414940049/fast"]
  ignore line: [/usr/bin/make -f CMakeFiles/cmTryCompileExec1414940049.dir/build.make CMakeFiles/cmTryCompileExec1414940049.dir/build]
  ignore line: [make[1]: Entering directory `/home/mark/code/monitor_system/rx_board/build/CMakeFiles/CMakeTmp']
  ignore line: [/usr/bin/cmake -E cmake_progress_report /home/mark/code/monitor_system/rx_board/build/CMakeFiles/CMakeTmp/CMakeFiles 1]
  ignore line: [Building CXX object CMakeFiles/cmTryCompileExec1414940049.dir/CMakeCXXCompilerABI.cpp.o]
  ignore line: [/usr/bin/c++     -o CMakeFiles/cmTryCompileExec1414940049.dir/CMakeCXXCompilerABI.cpp.o -c /usr/share/cmake-2.8/Modules/CMakeCXXCompilerABI.cpp]
  ignore line: [Linking CXX executable cmTryCompileExec1414940049]
  ignore line: [/usr/bin/cmake -E cmake_link_script CMakeFiles/cmTryCompileExec1414940049.dir/link.txt --verbose=1]
  ignore line: [/usr/bin/c++      -v CMakeFiles/cmTryCompileExec1414940049.dir/CMakeCXXCompilerABI.cpp.o  -o cmTryCompileExec1414940049 -rdynamic  ]
  ignore line: [Using built-in specs.]
  ignore line: [COLLECT_GCC=/usr/bin/c++]
  ignore line: [COLLECT_LTO_WRAPPER=/usr/lib/gcc/x86_64-linux-gnu/4.8/lto-wrapper]
  ignore line: [Target: x86_64-linux-gnu]
  ignore line: [Configured with: ../src/configure -v --with-pkgversion='Ubuntu 4.8.4-2ubuntu1~14.04.3' --with-bugurl=file:///usr/share/doc/gcc-4.8/README.Bugs --enable-languages=c,c++,java,go,d,fortran,objc,obj-c++ --prefix=/usr --program-suffix=-4.8 --enable-shared --enable-linker-build-id --libexecdir=/usr/lib --without-included-gettext --enable-threads=posix --with-gxx-include-dir=/usr/include/c++/4.8 --libdir=/usr/lib --enable-nls --with-sysroot=/ --enable-clocale=gnu --enable-libstdcxx-debug --enable-libstdcxx-time=yes --enable-gnu-unique-object --disable-libmudflap --enable-plugin --with-system-zlib --disable-browser-plugin --enable-java-awt=gtk --enable-gtk-cairo --with-java-home=/usr/lib/jvm/java-1.5.0-gcj-4.8-amd64/jre --enable-java-home --with-jvm-root-dir=/usr/lib/jvm/java-1.5.0-gcj-4.8-amd64 --with-jvm-jar-dir=/usr/lib/jvm-exports/java-1.5.0-gcj-4.8-amd64 --with-arch-directory=amd64 --with-ecj-jar=/usr/share/java/eclipse-ecj.jar --enable-objc-gc --enable-multiarch --disable-werror --with-arch-32=i686 --with-abi=m64 --with-multilib-list=m32,m64,mx32 --with-tune=generic --enable-checking=release --build=x86_64-linux-gnu --host=x86_64-linux-gnu --target=x86_64-linux-gnu]
  ignore line: [Thread model: posix]
  ignore line: [gcc version 4.8.4 (Ubuntu 4.8.4-2ubuntu1~14.04.3) ]
  ignore line: [COMPILER_PATH=/usr/lib/gcc/x86_64-linux-gnu/4.8/:/usr/lib/gcc/x86_64-linux-gnu/4.8/:/usr/lib/gcc/x86_64-linux-gnu/:/usr/lib/gcc/x86_64-linux-gnu/4.8/:/usr/lib/gcc/x86_64-linux-gnu/]
  ignore line: [LIBRARY_PATH=/usr/lib/gcc/x86_64-linux-gnu/4.8/:/usr/lib/gcc/x86_64-linux-gnu/4.8/../../../x86_64-linux-gnu/:/usr/lib/gcc/x86_64-linux-gnu/4.8/../../../../lib/:/lib/x86_64-linux-gnu/:/lib/../lib/:/usr/lib/x86_64-linux-gnu/:/usr/lib/../lib/:/usr/lib/gcc/x86_64-linux-gnu/4.8/../../../:/lib/:/usr/lib/]
  ignore line: [COLLECT_GCC_OPTIONS='-v' '-o' 'cmTryCompileExec1414940049' '-rdynamic' '-shared-libgcc' '-mtune=generic' '-march=x86-64']
  link line: [ /usr/lib/gcc/x86_64-linux-gnu/4.8/collect2 --sysroot=/ --build-id --eh-frame-hdr -m elf_x86_64 --hash-style=gnu --as-needed -export-dynamic -dynamic-linker /lib64/ld-linux-x86-64.so.2 -z relro -o cmTryCompileExec1414940049 /usr/lib/gcc/x86_64-linux-gnu/4.8/../../../x86_64-linux-gnu/crt1.o /usr/lib/gcc/x86_64-linux-gnu/4.8/../../../x86_64-linux-gnu/crti.o /usr/lib/gcc/x86_64-linux-gnu/4.8/crtbegin.o -L/usr/lib/gcc/x86_64-linux-gnu/4.8 -L/usr/lib/gcc/x86_64-linux-gnu/4.8/../../../x86_64-linux-gnu -L/usr/lib/gcc/x86_64-linux-gnu/4.8/../../../../lib -L/lib/x86_64-linux-gnu -L/lib/../lib -L/usr/lib/x86_64-linux-gnu -L/usr/lib/../lib -L/usr/lib/gcc/x86_64-linux-gnu/4.8/../../.. CMakeFiles/cmTryCompileExec1414940049.dir/CMakeCXXCompilerABI.cpp.o -lstdc++ -lm -lgcc_s -lgcc -lc -lgcc_s -lgcc /usr/lib/gcc/x86_64-linux-gnu/4.8/crtend.o /usr/lib/gcc/x86_64-linux-gnu/4.8/../../../x86_64-linux-gnu/crtn.o]
    arg [/usr/lib/gcc/x86_64-linux-gnu/4.8/collect2] ==> ignore
    arg [--sysroot=/] ==> ignore
    arg [--build-id] ==> ignore
    arg [--eh-frame-hdr] ==> ignore
    arg [-m] ==> ignore
    arg [elf_x86_64] ==> ignore
    arg [--hash-style=gnu] ==> ignore
    arg [--as-needed] ==> ignore
    arg [-export-dynamic] ==> ignore
    arg [-dynamic-linker] ==> ignore
    arg [/lib64/ld-linux-x86-64.so.2] ==> ignore
    arg [-zrelro] ==> ignore
    arg [-o] ==> ignore
    arg [cmTryCompileExec1414940049] ==> ignore
    arg [/usr/lib/gcc/x86_64-linux-gnu/4.8/../../../x86_64-linux-gnu/crt1.o] ==> ignore
    arg [/usr/lib/gcc/x86_64-linux-gnu/4.8/../../../x86_64-linux-gnu/crti.o] ==> ignore
    arg [/usr/lib/gcc/x86_64-linux-gnu/4.8/crtbegin.o] ==> ignore
    arg [-L/usr/lib/gcc/x86_64-linux-gnu/4.8] ==> dir [/usr/lib/gcc/x86_64-linux-gnu/4.8]
    arg [-L/usr/lib/gcc/x86_64-linux-gnu/4.8/../../../x86_64-linux-gnu] ==> dir [/usr/lib/gcc/x86_64-linux-gnu/4.8/../../../x86_64-linux-gnu]
    arg [-L/usr/lib/gcc/x86_64-linux-gnu/4.8/../../../../lib] ==> dir [/usr/lib/gcc/x86_64-linux-gnu/4.8/../../../../lib]
    arg [-L/lib/x86_64-linux-gnu] ==> dir [/lib/x86_64-linux-gnu]
    arg [-L/lib/../lib] ==> dir [/lib/../lib]
    arg [-L/usr/lib/x86_64-linux-gnu] ==> dir [/usr/lib/x86_64-linux-gnu]
    arg [-L/usr/lib/../lib] ==> dir [/usr/lib/../lib]
    arg [-L/usr/lib/gcc/x86_64-linux-gnu/4.8/../../..] ==> dir [/usr/lib/gcc/x86_64-linux-gnu/4.8/../../..]
    arg [CMakeFiles/cmTryCompileExec1414940049.dir/CMakeCXXCompilerABI.cpp.o] ==> ignore
    arg [-lstdc++] ==> lib [stdc++]
    arg [-lm] ==> lib [m]
    arg [-lgcc_s] ==> lib [gcc_s]
    arg [-lgcc] ==> lib [gcc]
    arg [-lc] ==> lib [c]
    arg [-lgcc_s] ==> lib [gcc_s]
    arg [-lgcc] ==> lib [gcc]
    arg [/usr/lib/gcc/x86_64-linux-gnu/4.8/crtend.o] ==> ignore
    arg [/usr/lib/gcc/x86_64-linux-gnu/4.8/../../../x86_64-linux-gnu/crtn.o] ==> ignore
  remove lib [gcc_s]
  remove lib [gcc]
  remove lib [gcc_s]
  remove lib [gcc]
  collapse library dir [/usr/lib/gcc/x86_64-linux-gnu/4.8] ==> [/usr/lib/gcc/x86_64-linux-gnu/4.8]
  collapse library dir [/usr/lib/gcc/x86_64-linux-gnu/4.8/../../../x86_64-linux-gnu] ==> [/usr/lib/x86_64-linux-gnu]
  collapse library dir [/usr/lib/gcc/x86_64-linux-gnu/4.8/../../../../lib] ==> [/usr/lib]
  collapse library dir [/lib/x86_64-linux-gnu] ==> [/lib/x86_64-linux-gnu]
  collapse library dir [/lib/../lib] ==> [/lib]
  collapse library dir [/usr/lib/x86_64-linux-gnu] ==> [/usr/lib/x86_64-linux-gnu]
  collapse library dir [/usr/lib/../lib] ==> [/usr/lib]
  collapse library dir [/usr/lib/gcc/x86_64-linux-gnu/4.8/../../..] ==> [/usr/lib]
  implicit libs: [stdc++;m;c]
  implicit dirs: [/usr/lib/gcc/x86_64-linux-gnu/4.8;/usr/lib/x86_64-linux-gnu;/usr/lib;/lib/x86_64-linux-gnu;/lib]
  implicit fwks: []


